Determining if the pthread_create exist failed with the following output:
Change Dir: /home/jiangzhongbo/xmr-dev/build/CMakeFiles/CMakeTmp

Run Build Command:"/usr/bin/make" "cmTC_34fca/fast"
/usr/bin/make -f CMakeFiles/cmTC_34fca.dir/build.make CMakeFiles/cmTC_34fca.dir/build
make[1]: Entering directory '/home/jiangzhongbo/xmr-dev/build/CMakeFiles/CMakeTmp'
Building C object CMakeFiles/cmTC_34fca.dir/CheckSymbolExists.c.o
/usr/bin/cc    -march=native -mtune=native     -o CMakeFiles/cmTC_34fca.dir/CheckSymbolExists.c.o   -c /home/jiangzhongbo/xmr-dev/build/CMakeFiles/CMakeTmp/CheckSymbolExists.c
Linking C executable cmTC_34fca
/usr/local/bin/cmake -E cmake_link_script CMakeFiles/cmTC_34fca.dir/link.txt --verbose=1
/usr/bin/cc  -march=native -mtune=native      CMakeFiles/cmTC_34fca.dir/CheckSymbolExists.c.o  -o cmTC_34fca 
CMakeFiles/cmTC_34fca.dir/CheckSymbolExists.c.o: In function `main':
CheckSymbolExists.c:(.text+0x16): undefined reference to `pthread_create'
CMakeFiles/cmTC_34fca.dir/build.make:97: recipe for target 'cmTC_34fca' failed
make[1]: Leaving directory '/home/jiangzhongbo/xmr-dev/build/CMakeFiles/CMakeTmp'
Makefile:126: recipe for target 'cmTC_34fca/fast' failed
collect2: error: ld returned 1 exit status
make[1]: *** [cmTC_34fca] Error 1
make: *** [cmTC_34fca/fast] Error 2

File /home/jiangzhongbo/xmr-dev/build/CMakeFiles/CMakeTmp/CheckSymbolExists.c:
/* */
#include <pthread.h>

int main(int argc, char** argv)
{
  (void)argv;
#ifndef pthread_create
  return ((int*)(&pthread_create))[argc];
#else
  (void)argc;
  return 0;
#endif
}

Determining if the function pthread_create exists in the pthreads failed with the following output:
Change Dir: /home/jiangzhongbo/xmr-dev/build/CMakeFiles/CMakeTmp

Run Build Command:"/usr/bin/make" "cmTC_03221/fast"
/usr/bin/make -f CMakeFiles/cmTC_03221.dir/build.make CMakeFiles/cmTC_03221.dir/build
make[1]: Entering directory '/home/jiangzhongbo/xmr-dev/build/CMakeFiles/CMakeTmp'
Building C object CMakeFiles/cmTC_03221.dir/CheckFunctionExists.c.o
/usr/bin/cc    -march=native -mtune=native  -DCHECK_FUNCTION_EXISTS=pthread_create   -o CMakeFiles/cmTC_03221.dir/CheckFunctionExists.c.o   -c /usr/local/share/cmake-3.4/Modules/CheckFunctionExists.c
Linking C executable cmTC_03221
/usr/local/bin/cmake -E cmake_link_script CMakeFiles/cmTC_03221.dir/link.txt --verbose=1
/usr/bin/cc  -march=native -mtune=native  -DCHECK_FUNCTION_EXISTS=pthread_create    CMakeFiles/cmTC_03221.dir/CheckFunctionExists.c.o  -o cmTC_03221 -lpthreads 
/usr/bin/ld: cannot find -lpthreads
CMakeFiles/cmTC_03221.dir/build.make:97: recipe for target 'cmTC_03221' failed
make[1]: Leaving directory '/home/jiangzhongbo/xmr-dev/build/CMakeFiles/CMakeTmp'
Makefile:126: recipe for target 'cmTC_03221/fast' failed
collect2: error: ld returned 1 exit status
make[1]: *** [cmTC_03221] Error 1
make: *** [cmTC_03221/fast] Error 2


